nohup: ignoring input
cuda
CUDA available: True
GPU count: 1
{'dataset': 'hills', 'representation': 'clip', 'fit': True, 'lr': 0.01, 'initval': 1.0, 'tol': 1e-06, 'maxiter': 5000, 'plot': True, 'fitting': 'group', 'cv': 5, 'refnll': 'none', 'featurestouse': 'features_gpt4omini', 'mask': True, 'usehillsresp': True, 'useapifreq': True, 'hills': True, 'heineman': True, 'ours': True, 'print': True, 'simulate': True, 'nofakeweightssimulate': True, 'recovery': False, 'test': True}
PearsonRResult(statistic=0.8379058281576008, pvalue=2.9004767772517627e-93)
SignificanceResult(statistic=0.8451367848829924, pvalue=2.070239001534346e-96)
Traceback (most recent call last):
  File "/home/snath/miniconda3/envs/process_modelling/lib/python3.12/site-packages/urllib3/connection.py", line 199, in _new_conn
    sock = connection.create_connection(
           ^^^^^^^^^^^^^^^^^^^^^^^^^^^^^
  File "/home/snath/miniconda3/envs/process_modelling/lib/python3.12/site-packages/urllib3/util/connection.py", line 60, in create_connection
    for res in socket.getaddrinfo(host, port, family, socket.SOCK_STREAM):
               ^^^^^^^^^^^^^^^^^^^^^^^^^^^^^^^^^^^^^^^^^^^^^^^^^^^^^^^^^^
  File "/home/snath/miniconda3/envs/process_modelling/lib/python3.12/socket.py", line 976, in getaddrinfo
    for res in _socket.getaddrinfo(host, port, family, type, proto, flags):
               ^^^^^^^^^^^^^^^^^^^^^^^^^^^^^^^^^^^^^^^^^^^^^^^^^^^^^^^^^^^
socket.gaierror: [Errno -2] Name or service not known

The above exception was the direct cause of the following exception:

Traceback (most recent call last):
  File "/home/snath/miniconda3/envs/process_modelling/lib/python3.12/site-packages/urllib3/connectionpool.py", line 789, in urlopen
    response = self._make_request(
               ^^^^^^^^^^^^^^^^^^^
  File "/home/snath/miniconda3/envs/process_modelling/lib/python3.12/site-packages/urllib3/connectionpool.py", line 490, in _make_request
    raise new_e
  File "/home/snath/miniconda3/envs/process_modelling/lib/python3.12/site-packages/urllib3/connectionpool.py", line 466, in _make_request
    self._validate_conn(conn)
  File "/home/snath/miniconda3/envs/process_modelling/lib/python3.12/site-packages/urllib3/connectionpool.py", line 1095, in _validate_conn
    conn.connect()
  File "/home/snath/miniconda3/envs/process_modelling/lib/python3.12/site-packages/urllib3/connection.py", line 693, in connect
    self.sock = sock = self._new_conn()
                       ^^^^^^^^^^^^^^^^
  File "/home/snath/miniconda3/envs/process_modelling/lib/python3.12/site-packages/urllib3/connection.py", line 206, in _new_conn
    raise NameResolutionError(self.host, self, e) from e
urllib3.exceptions.NameResolutionError: <urllib3.connection.HTTPSConnection object at 0x7f835d5d1a60>: Failed to resolve 'huggingface.co' ([Errno -2] Name or service not known)

The above exception was the direct cause of the following exception:

Traceback (most recent call last):
  File "/home/snath/miniconda3/envs/process_modelling/lib/python3.12/site-packages/requests/adapters.py", line 667, in send
    resp = conn.urlopen(
           ^^^^^^^^^^^^^
  File "/home/snath/miniconda3/envs/process_modelling/lib/python3.12/site-packages/urllib3/connectionpool.py", line 843, in urlopen
    retries = retries.increment(
              ^^^^^^^^^^^^^^^^^^
  File "/home/snath/miniconda3/envs/process_modelling/lib/python3.12/site-packages/urllib3/util/retry.py", line 519, in increment
    raise MaxRetryError(_pool, url, reason) from reason  # type: ignore[arg-type]
    ^^^^^^^^^^^^^^^^^^^^^^^^^^^^^^^^^^^^^^^^^^^^^^^^^^^
urllib3.exceptions.MaxRetryError: HTTPSConnectionPool(host='huggingface.co', port=443): Max retries exceeded with url: /api/models/openai/clip-vit-large-patch14/tree/main/additional_chat_templates?recursive=False&expand=False (Caused by NameResolutionError("<urllib3.connection.HTTPSConnection object at 0x7f835d5d1a60>: Failed to resolve 'huggingface.co' ([Errno -2] Name or service not known)"))

During handling of the above exception, another exception occurred:

Traceback (most recent call last):
  File "/home/snath/process_modelling/models/runner.py", line 194, in <module>
    run(config)
  File "/home/snath/process_modelling/models/runner.py", line 28, in run
    modelobj = Model(config)
               ^^^^^^^^^^^^^
  File "/home/snath/process_modelling/models/Model.py", line 101, in __init__
    self.embeddings = self.get_embeddings()
                      ^^^^^^^^^^^^^^^^^^^^^
  File "/home/snath/process_modelling/models/Model.py", line 208, in get_embeddings
    tokenizer = AutoTokenizer.from_pretrained("openai/clip-vit-large-patch14")
                ^^^^^^^^^^^^^^^^^^^^^^^^^^^^^^^^^^^^^^^^^^^^^^^^^^^^^^^^^^^^^^
  File "/home/snath/miniconda3/envs/process_modelling/lib/python3.12/site-packages/transformers/models/auto/tokenization_auto.py", line 1013, in from_pretrained
    return tokenizer_class.from_pretrained(pretrained_model_name_or_path, *inputs, **kwargs)
           ^^^^^^^^^^^^^^^^^^^^^^^^^^^^^^^^^^^^^^^^^^^^^^^^^^^^^^^^^^^^^^^^^^^^^^^^^^^^^^^^^
  File "/home/snath/miniconda3/envs/process_modelling/lib/python3.12/site-packages/transformers/tokenization_utils_base.py", line 1968, in from_pretrained
    for template in list_repo_templates(
                    ^^^^^^^^^^^^^^^^^^^^
  File "/home/snath/miniconda3/envs/process_modelling/lib/python3.12/site-packages/transformers/utils/hub.py", line 163, in list_repo_templates
    for entry in list_repo_tree(
                 ^^^^^^^^^^^^^^^
  File "/home/snath/miniconda3/envs/process_modelling/lib/python3.12/site-packages/huggingface_hub/hf_api.py", line 3140, in list_repo_tree
    for path_info in paginate(path=tree_url, headers=headers, params={"recursive": recursive, "expand": expand}):
                     ^^^^^^^^^^^^^^^^^^^^^^^^^^^^^^^^^^^^^^^^^^^^^^^^^^^^^^^^^^^^^^^^^^^^^^^^^^^^^^^^^^^^^^^^^^^
  File "/home/snath/miniconda3/envs/process_modelling/lib/python3.12/site-packages/huggingface_hub/utils/_pagination.py", line 36, in paginate
    r = session.get(path, params=params, headers=headers)
        ^^^^^^^^^^^^^^^^^^^^^^^^^^^^^^^^^^^^^^^^^^^^^^^^^
  File "/home/snath/miniconda3/envs/process_modelling/lib/python3.12/site-packages/requests/sessions.py", line 602, in get
    return self.request("GET", url, **kwargs)
           ^^^^^^^^^^^^^^^^^^^^^^^^^^^^^^^^^^
  File "/home/snath/miniconda3/envs/process_modelling/lib/python3.12/site-packages/requests/sessions.py", line 589, in request
    resp = self.send(prep, **send_kwargs)
           ^^^^^^^^^^^^^^^^^^^^^^^^^^^^^^
  File "/home/snath/miniconda3/envs/process_modelling/lib/python3.12/site-packages/requests/sessions.py", line 703, in send
    r = adapter.send(request, **kwargs)
        ^^^^^^^^^^^^^^^^^^^^^^^^^^^^^^^
  File "/home/snath/miniconda3/envs/process_modelling/lib/python3.12/site-packages/huggingface_hub/utils/_http.py", line 96, in send
    return super().send(request, *args, **kwargs)
           ^^^^^^^^^^^^^^^^^^^^^^^^^^^^^^^^^^^^^^
  File "/home/snath/miniconda3/envs/process_modelling/lib/python3.12/site-packages/requests/adapters.py", line 700, in send
    raise ConnectionError(e, request=request)
requests.exceptions.ConnectionError: (MaxRetryError('HTTPSConnectionPool(host=\'huggingface.co\', port=443): Max retries exceeded with url: /api/models/openai/clip-vit-large-patch14/tree/main/additional_chat_templates?recursive=False&expand=False (Caused by NameResolutionError("<urllib3.connection.HTTPSConnection object at 0x7f835d5d1a60>: Failed to resolve \'huggingface.co\' ([Errno -2] Name or service not known)"))'), '(Request ID: eafd3760-afa9-44ff-8741-e05015d68a1d)')
